0 verbose cli /usr/local/bin/node /usr/local/bin/npm
1 info using npm@11.8.0
2 info using node@v24.13.1
3 silly config load:file:/usr/local/lib/node_modules/npm/npmrc
4 silly config load:file:/Users/caden/coding/Erwin/.npmrc
5 silly config load:file:/Users/caden/.npmrc
6 silly config load:file:/usr/local/etc/npmrc
7 verbose title npm install three @react-three/fiber @react-three/drei
8 verbose argv "install" "three" "@react-three/fiber" "@react-three/drei" "--legacy-peer-deps" "--cache" ".npm_cache"
9 verbose logfile logs-max:10 dir:/Users/caden/coding/Erwin/.npm_cache/_logs/2026-02-19T20_46_42_140Z-
10 verbose logfile /Users/caden/coding/Erwin/.npm_cache/_logs/2026-02-19T20_46_42_140Z-debug-0.log
11 silly logfile done cleaning log files
12 silly packumentCache heap:4496293888 maxSize:1124073472 maxEntrySize:562036736
13 silly idealTree buildDeps
14 silly fetch manifest three@*
15 silly packumentCache full:https://registry.npmjs.org/three cache-miss
16 http fetch GET 200 https://registry.npmjs.org/three 106ms (cache miss)
17 silly packumentCache full:https://registry.npmjs.org/three set size:undefined disposed:false
18 silly fetch manifest @react-three/fiber@*
19 silly packumentCache full:https://registry.npmjs.org/@react-three%2ffiber cache-miss
20 http fetch GET 200 https://registry.npmjs.org/npm 136ms
21 http fetch GET 200 https://registry.npmjs.org/@react-three%2ffiber 78ms (cache miss)
22 silly packumentCache full:https://registry.npmjs.org/@react-three%2ffiber set size:undefined disposed:false
23 silly fetch manifest @react-three/drei@*
24 silly packumentCache full:https://registry.npmjs.org/@react-three%2fdrei cache-miss
25 http fetch GET 200 https://registry.npmjs.org/@react-three%2fdrei 128ms (cache miss)
26 silly packumentCache full:https://registry.npmjs.org/@react-three%2fdrei set size:undefined disposed:false
27 silly placeDep ROOT @react-three/drei@10.7.7 OK for: caden-erwin-brand@0.0.0 want: *
28 silly placeDep ROOT @react-three/fiber@9.5.0 OK for: caden-erwin-brand@0.0.0 want: *
29 silly placeDep ROOT three@0.183.0 OK for: caden-erwin-brand@0.0.0 want: *
30 silly fetch manifest maath@^0.10.8
31 silly packumentCache full:https://registry.npmjs.org/maath cache-miss
32 silly fetch manifest hls.js@^1.5.17
33 silly packumentCache full:https://registry.npmjs.org/hls.js cache-miss
34 silly fetch manifest zustand@^5.0.1
35 silly packumentCache full:https://registry.npmjs.org/zustand cache-miss
36 silly fetch manifest meshline@^3.3.1
37 silly packumentCache full:https://registry.npmjs.org/meshline cache-miss
38 silly fetch manifest stats-gl@^2.2.8
39 silly packumentCache full:https://registry.npmjs.org/stats-gl cache-miss
40 silly fetch manifest stats.js@^0.17.0
41 silly packumentCache full:https://registry.npmjs.org/stats.js cache-miss
42 silly fetch manifest cross-env@^7.0.3
43 silly packumentCache full:https://registry.npmjs.org/cross-env cache-miss
44 silly fetch manifest detect-gpu@^5.0.56
45 silly packumentCache full:https://registry.npmjs.org/detect-gpu cache-miss
46 silly fetch manifest glsl-noise@^0.0.0
47 silly packumentCache full:https://registry.npmjs.org/glsl-noise cache-miss
48 http fetch GET 200 https://registry.npmjs.org/maath 41ms (cache miss)
49 silly packumentCache full:https://registry.npmjs.org/maath set size:undefined disposed:false
50 silly fetch manifest tunnel-rat@^0.1.2
51 silly packumentCache full:https://registry.npmjs.org/tunnel-rat cache-miss
52 http fetch GET 200 https://registry.npmjs.org/stats-gl 76ms (cache miss)
53 silly packumentCache full:https://registry.npmjs.org/stats-gl set size:undefined disposed:false
54 silly fetch manifest three-stdlib@^2.35.6
55 silly packumentCache full:https://registry.npmjs.org/three-stdlib cache-miss
56 http fetch GET 200 https://registry.npmjs.org/tunnel-rat 39ms (cache miss)
57 silly packumentCache full:https://registry.npmjs.org/tunnel-rat set size:undefined disposed:false
58 silly fetch manifest suspend-react@^0.1.3
59 silly packumentCache full:https://registry.npmjs.org/suspend-react cache-miss
60 http fetch GET 200 https://registry.npmjs.org/stats.js 83ms (cache miss)
61 silly packumentCache full:https://registry.npmjs.org/stats.js set size:undefined disposed:false
62 silly fetch manifest utility-types@^3.11.0
63 silly packumentCache full:https://registry.npmjs.org/utility-types cache-miss
64 http fetch GET 200 https://registry.npmjs.org/glsl-noise 95ms (cache miss)
65 silly packumentCache full:https://registry.npmjs.org/glsl-noise set size:undefined disposed:false
66 silly fetch manifest @babel/runtime@^7.26.0
67 silly packumentCache full:https://registry.npmjs.org/@babel%2fruntime cache-miss
68 http fetch GET 200 https://registry.npmjs.org/cross-env 102ms (cache miss)
69 silly packumentCache full:https://registry.npmjs.org/cross-env set size:undefined disposed:false
70 silly fetch manifest three-mesh-bvh@^0.8.3
71 silly packumentCache full:https://registry.npmjs.org/three-mesh-bvh cache-miss
72 http fetch GET 200 https://registry.npmjs.org/zustand 104ms (cache miss)
73 silly packumentCache full:https://registry.npmjs.org/zustand set size:undefined disposed:false
74 silly fetch manifest camera-controls@^3.1.0
75 silly packumentCache full:https://registry.npmjs.org/camera-controls cache-miss
76 http fetch GET 200 https://registry.npmjs.org/detect-gpu 108ms (cache miss)
77 silly packumentCache full:https://registry.npmjs.org/detect-gpu set size:undefined disposed:false
78 silly fetch manifest troika-three-text@^0.52.4
79 silly packumentCache full:https://registry.npmjs.org/troika-three-text cache-miss
80 http fetch GET 200 https://registry.npmjs.org/meshline 112ms (cache miss)
81 silly packumentCache full:https://registry.npmjs.org/meshline set size:undefined disposed:false
82 silly fetch manifest @use-gesture/react@^10.3.1
83 silly packumentCache full:https://registry.npmjs.org/@use-gesture%2freact cache-miss
84 http fetch GET 200 https://registry.npmjs.org/suspend-react 43ms (cache miss)
85 silly packumentCache full:https://registry.npmjs.org/suspend-react set size:undefined disposed:false
86 silly fetch manifest @monogrid/gainmap-js@^3.0.6
87 silly packumentCache full:https://registry.npmjs.org/@monogrid%2fgainmap-js cache-miss
88 http fetch GET 200 https://registry.npmjs.org/utility-types 41ms (cache miss)
89 silly packumentCache full:https://registry.npmjs.org/utility-types set size:undefined disposed:false
90 silly fetch manifest @mediapipe/tasks-vision@0.10.17
91 silly packumentCache full:https://registry.npmjs.org/@mediapipe%2ftasks-vision cache-miss
92 http fetch GET 200 https://registry.npmjs.org/three-stdlib 54ms (cache miss)
93 silly packumentCache full:https://registry.npmjs.org/three-stdlib set size:undefined disposed:false
94 silly fetch manifest use-sync-external-store@^1.4.0
95 silly packumentCache full:https://registry.npmjs.org/use-sync-external-store cache-miss
96 http fetch GET 200 https://registry.npmjs.org/camera-controls 41ms (cache miss)
97 silly packumentCache full:https://registry.npmjs.org/camera-controls set size:undefined disposed:false
98 silly fetch manifest buffer@^6.0.3
99 silly packumentCache full:https://registry.npmjs.org/buffer cache-miss
100 http fetch GET 200 https://registry.npmjs.org/three-mesh-bvh 45ms (cache miss)
101 silly packumentCache full:https://registry.npmjs.org/three-mesh-bvh set size:undefined disposed:false
102 silly fetch manifest zustand@^5.0.3
103 silly packumentCache full:https://registry.npmjs.org/zustand cache-miss
104 http fetch GET 200 https://registry.npmjs.org/troika-three-text 42ms (cache miss)
105 silly packumentCache full:https://registry.npmjs.org/troika-three-text set size:undefined disposed:false
106 silly fetch manifest its-fine@^2.0.0
107 silly packumentCache full:https://registry.npmjs.org/its-fine cache-miss
108 http cache https://registry.npmjs.org/zustand 4ms (cache hit)
109 silly packumentCache full:https://registry.npmjs.org/zustand set size:496701 disposed:false
110 silly fetch manifest base64-js@^1.5.1
111 silly packumentCache full:https://registry.npmjs.org/base64-js cache-miss
112 http fetch GET 200 https://registry.npmjs.org/@use-gesture%2freact 53ms (cache miss)
113 silly packumentCache full:https://registry.npmjs.org/@use-gesture%2freact set size:undefined disposed:false
114 silly fetch manifest @types/webxr@*
115 silly packumentCache full:https://registry.npmjs.org/@types%2fwebxr cache-miss
116 http fetch GET 200 https://registry.npmjs.org/buffer 34ms (cache miss)
117 silly packumentCache full:https://registry.npmjs.org/buffer set size:undefined disposed:false
118 silly fetch manifest @babel/runtime@^7.17.8
119 silly packumentCache full:https://registry.npmjs.org/@babel%2fruntime cache-miss
120 http fetch GET 200 https://registry.npmjs.org/@babel%2fruntime 91ms (cache miss)
121 silly packumentCache full:https://registry.npmjs.org/@babel%2fruntime set size:undefined disposed:false
122 silly fetch manifest react-use-measure@^2.1.7
123 silly packumentCache full:https://registry.npmjs.org/react-use-measure cache-miss
124 http fetch GET 200 https://registry.npmjs.org/its-fine 43ms (cache miss)
125 silly packumentCache full:https://registry.npmjs.org/its-fine set size:undefined disposed:false
126 silly fetch manifest use-sync-external-store@^1.4.0
127 silly packumentCache full:https://registry.npmjs.org/use-sync-external-store cache-miss
128 http fetch GET 200 https://registry.npmjs.org/@mediapipe%2ftasks-vision 69ms (cache miss)
129 silly packumentCache full:https://registry.npmjs.org/@mediapipe%2ftasks-vision set size:undefined disposed:false
130 http fetch GET 200 https://registry.npmjs.org/hls.js 201ms (cache miss)
131 silly packumentCache full:https://registry.npmjs.org/hls.js set size:undefined disposed:false
132 http fetch GET 200 https://registry.npmjs.org/@monogrid%2fgainmap-js 115ms (cache miss)
133 silly packumentCache full:https://registry.npmjs.org/@monogrid%2fgainmap-js set size:undefined disposed:false
134 http fetch GET 200 https://registry.npmjs.org/base64-js 87ms (cache miss)
135 silly packumentCache full:https://registry.npmjs.org/base64-js set size:undefined disposed:false
136 http fetch GET 200 https://registry.npmjs.org/@types%2fwebxr 77ms (cache miss)
137 silly packumentCache full:https://registry.npmjs.org/@types%2fwebxr set size:undefined disposed:false
138 http fetch GET 200 https://registry.npmjs.org/use-sync-external-store 122ms (cache miss)
139 silly packumentCache full:https://registry.npmjs.org/use-sync-external-store set size:undefined disposed:false
140 http fetch GET 200 https://registry.npmjs.org/react-use-measure 76ms (cache miss)
141 silly packumentCache full:https://registry.npmjs.org/react-use-measure set size:undefined disposed:false
142 http fetch GET 200 https://registry.npmjs.org/use-sync-external-store 88ms (cache miss)
143 silly packumentCache full:https://registry.npmjs.org/use-sync-external-store set size:undefined disposed:false
144 http fetch GET 200 https://registry.npmjs.org/@babel%2fruntime 111ms (cache miss)
145 silly packumentCache full:https://registry.npmjs.org/@babel%2fruntime set size:undefined disposed:false
146 silly placeDep ROOT @babel/runtime@7.28.6 OK for: @react-three/drei@10.7.7 want: ^7.26.0
147 silly placeDep ROOT @mediapipe/tasks-vision@0.10.17 OK for: @react-three/drei@10.7.7 want: 0.10.17
148 silly placeDep ROOT @monogrid/gainmap-js@3.4.0 OK for: @react-three/drei@10.7.7 want: ^3.0.6
149 silly placeDep ROOT @use-gesture/react@10.3.1 OK for: @react-three/drei@10.7.7 want: ^10.3.1
150 silly placeDep ROOT camera-controls@3.1.2 OK for: @react-three/drei@10.7.7 want: ^3.1.0
151 silly placeDep ROOT cross-env@7.0.3 OK for: @react-three/drei@10.7.7 want: ^7.0.3
152 silly placeDep ROOT detect-gpu@5.0.70 OK for: @react-three/drei@10.7.7 want: ^5.0.56
153 silly placeDep ROOT glsl-noise@0.0.0 OK for: @react-three/drei@10.7.7 want: ^0.0.0
154 silly placeDep ROOT hls.js@1.6.15 OK for: @react-three/drei@10.7.7 want: ^1.5.17
155 silly placeDep ROOT maath@0.10.8 OK for: @react-three/drei@10.7.7 want: ^0.10.8
156 silly placeDep ROOT meshline@3.3.1 OK for: @react-three/drei@10.7.7 want: ^3.3.1
157 silly placeDep ROOT stats-gl@2.4.2 OK for: @react-three/drei@10.7.7 want: ^2.2.8
158 silly placeDep ROOT stats.js@0.17.0 OK for: @react-three/drei@10.7.7 want: ^0.17.0
159 silly placeDep ROOT suspend-react@0.1.3 OK for: @react-three/drei@10.7.7 want: ^0.1.3
160 silly placeDep ROOT three-mesh-bvh@0.8.3 OK for: @react-three/drei@10.7.7 want: ^0.8.3
161 silly placeDep ROOT three-stdlib@2.36.1 OK for: @react-three/drei@10.7.7 want: ^2.35.6
162 silly placeDep ROOT troika-three-text@0.52.4 OK for: @react-three/drei@10.7.7 want: ^0.52.4
163 silly placeDep ROOT tunnel-rat@0.1.2 OK for: @react-three/drei@10.7.7 want: ^0.1.2
164 silly placeDep ROOT use-sync-external-store@1.6.0 OK for: @react-three/drei@10.7.7 want: ^1.4.0
165 silly placeDep ROOT utility-types@3.11.0 OK for: @react-three/drei@10.7.7 want: ^3.11.0
166 silly placeDep ROOT zustand@5.0.11 OK for: @react-three/drei@10.7.7 want: ^5.0.1
167 silly fetch manifest promise-worker-transferable@^1.0.4
168 silly packumentCache full:https://registry.npmjs.org/promise-worker-transferable cache-miss
169 silly fetch manifest @use-gesture/core@10.3.1
170 silly packumentCache full:https://registry.npmjs.org/@use-gesture%2fcore cache-miss
171 silly fetch manifest cross-spawn@^7.0.1
172 silly packumentCache full:https://registry.npmjs.org/cross-spawn cache-miss
173 silly fetch manifest webgl-constants@^1.1.1
174 silly packumentCache full:https://registry.npmjs.org/webgl-constants cache-miss
175 silly fetch manifest three@^0.170.0
176 silly packumentCache full:https://registry.npmjs.org/three cache-miss
177 silly fetch manifest @types/three@*
178 silly packumentCache full:https://registry.npmjs.org/@types%2fthree cache-miss
179 silly fetch manifest @types/draco3d@^1.4.0
180 silly packumentCache full:https://registry.npmjs.org/@types%2fdraco3d cache-miss
181 silly fetch manifest @types/offscreencanvas@^2019.6.4
182 silly packumentCache full:https://registry.npmjs.org/@types%2foffscreencanvas cache-miss
183 silly fetch manifest @types/webxr@^0.5.2
184 silly packumentCache full:https://registry.npmjs.org/@types%2fwebxr cache-miss
185 http cache https://registry.npmjs.org/@types%2fwebxr 2ms (cache hit)
186 silly packumentCache full:https://registry.npmjs.org/@types%2fwebxr set size:64472 disposed:false
187 silly fetch manifest draco3d@^1.4.1
188 silly packumentCache full:https://registry.npmjs.org/draco3d cache-miss
189 http cache https://registry.npmjs.org/three 3ms (cache hit)
190 silly packumentCache full:https://registry.npmjs.org/three set size:913849 disposed:false
191 silly fetch manifest fflate@^0.6.9
192 silly packumentCache full:https://registry.npmjs.org/fflate cache-miss
193 http fetch GET 200 https://registry.npmjs.org/draco3d 34ms (cache miss)
194 silly packumentCache full:https://registry.npmjs.org/draco3d set size:undefined disposed:false
195 silly fetch manifest potpack@^1.0.1
196 silly packumentCache full:https://registry.npmjs.org/potpack cache-miss
197 http fetch GET 200 https://registry.npmjs.org/fflate 33ms (cache miss)
198 silly packumentCache full:https://registry.npmjs.org/fflate set size:undefined disposed:false
199 silly fetch manifest bidi-js@^1.0.2
200 silly packumentCache full:https://registry.npmjs.org/bidi-js cache-miss
201 http fetch GET 200 https://registry.npmjs.org/@types%2fdraco3d 41ms (cache miss)
202 silly packumentCache full:https://registry.npmjs.org/@types%2fdraco3d set size:undefined disposed:false
203 silly fetch manifest troika-three-utils@^0.52.4
204 silly packumentCache full:https://registry.npmjs.org/troika-three-utils cache-miss
205 http fetch GET 200 https://registry.npmjs.org/promise-worker-transferable 42ms (cache miss)
206 silly packumentCache full:https://registry.npmjs.org/promise-worker-transferable set size:undefined disposed:false
207 silly fetch manifest troika-worker-utils@^0.52.0
208 silly packumentCache full:https://registry.npmjs.org/troika-worker-utils cache-miss
209 http fetch GET 200 https://registry.npmjs.org/webgl-constants 47ms (cache miss)
210 silly packumentCache full:https://registry.npmjs.org/webgl-constants set size:undefined disposed:false
211 silly fetch manifest webgl-sdf-generator@1.1.1
212 silly packumentCache full:https://registry.npmjs.org/webgl-sdf-generator cache-miss
213 http fetch GET 200 https://registry.npmjs.org/@types%2foffscreencanvas 47ms (cache miss)
214 silly packumentCache full:https://registry.npmjs.org/@types%2foffscreencanvas set size:undefined disposed:false
215 silly fetch manifest zustand@^4.3.2
216 silly packumentCache full:https://registry.npmjs.org/zustand cache-hit
217 http fetch GET 200 https://registry.npmjs.org/@use-gesture%2fcore 61ms (cache miss)
218 silly packumentCache full:https://registry.npmjs.org/@use-gesture%2fcore set size:undefined disposed:false
219 http fetch GET 200 https://registry.npmjs.org/bidi-js 37ms (cache miss)
220 silly packumentCache full:https://registry.npmjs.org/bidi-js set size:undefined disposed:false
221 http fetch GET 200 https://registry.npmjs.org/potpack 40ms (cache miss)
222 silly packumentCache full:https://registry.npmjs.org/potpack set size:undefined disposed:false
223 http fetch GET 200 https://registry.npmjs.org/troika-three-utils 36ms (cache miss)
224 silly packumentCache full:https://registry.npmjs.org/troika-three-utils set size:undefined disposed:false
225 http fetch GET 200 https://registry.npmjs.org/webgl-sdf-generator 31ms (cache miss)
226 silly packumentCache full:https://registry.npmjs.org/webgl-sdf-generator set size:undefined disposed:false
227 http fetch GET 200 https://registry.npmjs.org/troika-worker-utils 47ms (cache miss)
228 silly packumentCache full:https://registry.npmjs.org/troika-worker-utils set size:undefined disposed:false
229 http fetch GET 200 https://registry.npmjs.org/cross-spawn 119ms (cache miss)
230 silly packumentCache full:https://registry.npmjs.org/cross-spawn set size:undefined disposed:false
231 http fetch GET 200 https://registry.npmjs.org/@types%2fthree 137ms (cache miss)
232 silly packumentCache full:https://registry.npmjs.org/@types%2fthree set size:undefined disposed:false
233 silly placeDep ROOT promise-worker-transferable@1.0.4 OK for: @monogrid/gainmap-js@3.4.0 want: ^1.0.4
234 silly fetch manifest is-promise@^2.1.0
235 silly packumentCache full:https://registry.npmjs.org/is-promise cache-miss
236 silly fetch manifest lie@^3.0.2
237 silly packumentCache full:https://registry.npmjs.org/lie cache-miss
238 http fetch GET 200 https://registry.npmjs.org/is-promise 41ms (cache miss)
239 silly packumentCache full:https://registry.npmjs.org/is-promise set size:undefined disposed:false
240 http fetch GET 200 https://registry.npmjs.org/lie 41ms (cache miss)
241 silly packumentCache full:https://registry.npmjs.org/lie set size:undefined disposed:false
242 silly placeDep ROOT @types/webxr@0.5.24 OK for: @react-three/fiber@9.5.0 want: *
243 silly placeDep ROOT base64-js@1.5.1 OK for: @react-three/fiber@9.5.0 want: ^1.5.1
244 silly placeDep ROOT buffer@6.0.3 OK for: @react-three/fiber@9.5.0 want: ^6.0.3
245 silly placeDep ROOT its-fine@2.0.0 OK for: @react-three/fiber@9.5.0 want: ^2.0.0
246 silly placeDep ROOT react-use-measure@2.1.7 OK for: @react-three/fiber@9.5.0 want: ^2.1.7
247 silly fetch manifest ieee754@^1.2.1
248 silly packumentCache full:https://registry.npmjs.org/ieee754 cache-miss
249 silly fetch manifest @types/react-reconciler@^0.28.9
250 silly packumentCache full:https://registry.npmjs.org/@types%2freact-reconciler cache-miss
251 http fetch GET 200 https://registry.npmjs.org/ieee754 43ms (cache miss)
252 silly packumentCache full:https://registry.npmjs.org/ieee754 set size:undefined disposed:false
253 http fetch GET 200 https://registry.npmjs.org/@types%2freact-reconciler 49ms (cache miss)
254 silly packumentCache full:https://registry.npmjs.org/@types%2freact-reconciler set size:undefined disposed:false
255 silly placeDep ROOT @use-gesture/core@10.3.1 OK for: @use-gesture/react@10.3.1 want: 10.3.1
256 silly placeDep ROOT ieee754@1.2.1 OK for: buffer@6.0.3 want: ^1.2.1
257 silly placeDep ROOT cross-spawn@7.0.6 OK for: cross-env@7.0.3 want: ^7.0.1
258 silly fetch manifest which@^2.0.1
259 silly packumentCache full:https://registry.npmjs.org/which cache-miss
260 silly fetch manifest path-key@^3.1.0
261 silly packumentCache full:https://registry.npmjs.org/path-key cache-miss
262 silly fetch manifest shebang-command@^2.0.0
263 silly packumentCache full:https://registry.npmjs.org/shebang-command cache-miss
264 http fetch GET 200 https://registry.npmjs.org/which 39ms (cache miss)
265 silly packumentCache full:https://registry.npmjs.org/which set size:undefined disposed:false
266 http fetch GET 200 https://registry.npmjs.org/path-key 39ms (cache miss)
267 silly packumentCache full:https://registry.npmjs.org/path-key set size:undefined disposed:false
268 http fetch GET 200 https://registry.npmjs.org/shebang-command 42ms (cache miss)
269 silly packumentCache full:https://registry.npmjs.org/shebang-command set size:undefined disposed:false
270 silly placeDep ROOT path-key@3.1.1 OK for: cross-spawn@7.0.6 want: ^3.1.0
271 silly placeDep ROOT shebang-command@2.0.0 OK for: cross-spawn@7.0.6 want: ^2.0.0
272 silly placeDep ROOT which@2.0.2 OK for: cross-spawn@7.0.6 want: ^2.0.1
273 silly fetch manifest shebang-regex@^3.0.0
274 silly packumentCache full:https://registry.npmjs.org/shebang-regex cache-miss
275 silly fetch manifest isexe@^2.0.0
276 silly packumentCache full:https://registry.npmjs.org/isexe cache-miss
277 http fetch GET 200 https://registry.npmjs.org/isexe 39ms (cache miss)
278 silly packumentCache full:https://registry.npmjs.org/isexe set size:undefined disposed:false
279 http fetch GET 200 https://registry.npmjs.org/shebang-regex 52ms (cache miss)
280 silly packumentCache full:https://registry.npmjs.org/shebang-regex set size:undefined disposed:false
281 silly placeDep ROOT webgl-constants@1.1.1 OK for: detect-gpu@5.0.70 want: ^1.1.1
282 silly placeDep ROOT @types/react-reconciler@0.28.9 OK for: its-fine@2.0.0 want: ^0.28.9
283 silly placeDep ROOT is-promise@2.2.2 OK for: promise-worker-transferable@1.0.4 want: ^2.1.0
284 silly placeDep ROOT lie@3.3.0 OK for: promise-worker-transferable@1.0.4 want: ^3.0.2
285 silly fetch manifest immediate@~3.0.5
286 silly packumentCache full:https://registry.npmjs.org/immediate cache-miss
287 http fetch GET 200 https://registry.npmjs.org/immediate 42ms (cache miss)
288 silly packumentCache full:https://registry.npmjs.org/immediate set size:undefined disposed:false
289 silly placeDep ROOT immediate@3.0.6 OK for: lie@3.3.0 want: ~3.0.5
290 silly placeDep ROOT shebang-regex@3.0.0 OK for: shebang-command@2.0.0 want: ^3.0.0
291 silly placeDep ROOT @types/three@0.183.0 OK for: stats-gl@2.4.2 want: *
292 silly placeDep node_modules/stats-gl three@0.170.0 OK for: stats-gl@2.4.2 want: ^0.170.0
293 silly fetch manifest fflate@~0.8.2
294 silly packumentCache full:https://registry.npmjs.org/fflate cache-miss
295 silly fetch manifest @webgpu/types@*
296 silly packumentCache full:https://registry.npmjs.org/@webgpu%2ftypes cache-miss
297 silly fetch manifest meshoptimizer@~1.0.1
298 silly packumentCache full:https://registry.npmjs.org/meshoptimizer cache-miss
299 silly fetch manifest @types/stats.js@*
300 silly packumentCache full:https://registry.npmjs.org/@types%2fstats.js cache-miss
301 silly fetch manifest @tweenjs/tween.js@~23.1.3
302 silly packumentCache full:https://registry.npmjs.org/@tweenjs%2ftween.js cache-miss
303 silly fetch manifest @dimforge/rapier3d-compat@~0.12.0
304 silly packumentCache full:https://registry.npmjs.org/@dimforge%2frapier3d-compat cache-miss
305 http cache https://registry.npmjs.org/fflate 3ms (cache hit)
306 silly packumentCache full:https://registry.npmjs.org/fflate set size:230492 disposed:false
307 http fetch GET 200 https://registry.npmjs.org/meshoptimizer 41ms (cache miss)
308 silly packumentCache full:https://registry.npmjs.org/meshoptimizer set size:undefined disposed:false
309 http fetch GET 200 https://registry.npmjs.org/@types%2fstats.js 48ms (cache miss)
310 silly packumentCache full:https://registry.npmjs.org/@types%2fstats.js set size:undefined disposed:false
311 http fetch GET 200 https://registry.npmjs.org/@tweenjs%2ftween.js 65ms (cache miss)
312 silly packumentCache full:https://registry.npmjs.org/@tweenjs%2ftween.js set size:undefined disposed:false
313 http fetch GET 200 https://registry.npmjs.org/@webgpu%2ftypes 76ms (cache miss)
314 silly packumentCache full:https://registry.npmjs.org/@webgpu%2ftypes set size:undefined disposed:false
315 http fetch GET 200 https://registry.npmjs.org/@dimforge%2frapier3d-compat 94ms (cache miss)
316 silly packumentCache full:https://registry.npmjs.org/@dimforge%2frapier3d-compat set size:undefined disposed:false
317 silly placeDep ROOT @dimforge/rapier3d-compat@0.12.0 OK for: @types/three@0.183.0 want: ~0.12.0
318 silly placeDep ROOT @tweenjs/tween.js@23.1.3 OK for: @types/three@0.183.0 want: ~23.1.3
319 silly placeDep ROOT @types/stats.js@0.17.4 OK for: @types/three@0.183.0 want: *
320 silly placeDep ROOT @webgpu/types@0.1.69 OK for: @types/three@0.183.0 want: *
321 silly placeDep ROOT fflate@0.8.2 OK for: @types/three@0.183.0 want: ~0.8.2
322 silly placeDep ROOT meshoptimizer@1.0.1 OK for: @types/three@0.183.0 want: ~1.0.1
323 silly placeDep ROOT @types/draco3d@1.4.10 OK for: three-stdlib@2.36.1 want: ^1.4.0
324 silly placeDep ROOT @types/offscreencanvas@2019.7.3 OK for: three-stdlib@2.36.1 want: ^2019.6.4
325 silly placeDep ROOT draco3d@1.5.7 OK for: three-stdlib@2.36.1 want: ^1.4.1
326 silly placeDep node_modules/three-stdlib fflate@0.6.10 OK for: three-stdlib@2.36.1 want: ^0.6.9
327 silly placeDep ROOT potpack@1.0.2 OK for: three-stdlib@2.36.1 want: ^1.0.1
328 silly placeDep ROOT bidi-js@1.0.3 OK for: troika-three-text@0.52.4 want: ^1.0.2
329 silly placeDep ROOT troika-three-utils@0.52.4 OK for: troika-three-text@0.52.4 want: ^0.52.4
330 silly placeDep ROOT troika-worker-utils@0.52.0 OK for: troika-three-text@0.52.4 want: ^0.52.0
331 silly placeDep ROOT webgl-sdf-generator@1.1.1 OK for: troika-three-text@0.52.4 want: 1.1.1
332 silly fetch manifest require-from-string@^2.0.2
333 silly packumentCache full:https://registry.npmjs.org/require-from-string cache-miss
334 http fetch GET 200 https://registry.npmjs.org/require-from-string 35ms (cache miss)
335 silly packumentCache full:https://registry.npmjs.org/require-from-string set size:undefined disposed:false
336 silly placeDep ROOT require-from-string@2.0.2 OK for: bidi-js@1.0.3 want: ^2.0.2
337 silly placeDep node_modules/tunnel-rat zustand@4.5.7 OK for: tunnel-rat@0.1.2 want: ^4.3.2
338 silly placeDep ROOT isexe@2.0.0 OK for: which@2.0.2 want: ^2.0.0
339 silly reify moves {}
340 silly audit bulk request {
340 silly audit   '@alloc/quick-lru': [ '5.2.0' ],
340 silly audit   '@babel/code-frame': [ '7.29.0' ],
340 silly audit   '@babel/compat-data': [ '7.29.0' ],
340 silly audit   '@babel/core': [ '7.29.0' ],
340 silly audit   '@babel/generator': [ '7.29.1' ],
340 silly audit   '@babel/helper-compilation-targets': [ '7.28.6' ],
340 silly audit   '@babel/helper-globals': [ '7.28.0' ],
340 silly audit   '@babel/helper-module-imports': [ '7.28.6' ],
340 silly audit   '@babel/helper-module-transforms': [ '7.28.6' ],
340 silly audit   '@babel/helper-plugin-utils': [ '7.28.6' ],
340 silly audit   '@babel/helper-string-parser': [ '7.27.1' ],
340 silly audit   '@babel/helper-validator-identifier': [ '7.28.5' ],
340 silly audit   '@babel/helper-validator-option': [ '7.27.1' ],
340 silly audit   '@babel/helpers': [ '7.28.6' ],
340 silly audit   '@babel/parser': [ '7.29.0' ],
340 silly audit   '@babel/plugin-transform-react-jsx-self': [ '7.27.1' ],
340 silly audit   '@babel/plugin-transform-react-jsx-source': [ '7.27.1' ],
340 silly audit   '@babel/template': [ '7.28.6' ],
340 silly audit   '@babel/traverse': [ '7.29.0' ],
340 silly audit   '@babel/types': [ '7.29.0' ],
340 silly audit   '@esbuild/aix-ppc64': [ '0.25.12' ],
340 silly audit   '@esbuild/android-arm': [ '0.25.12' ],
340 silly audit   '@esbuild/android-arm64': [ '0.25.12' ],
340 silly audit   '@esbuild/android-x64': [ '0.25.12' ],
340 silly audit   '@esbuild/darwin-arm64': [ '0.25.12' ],
340 silly audit   '@esbuild/darwin-x64': [ '0.25.12' ],
340 silly audit   '@esbuild/freebsd-arm64': [ '0.25.12' ],
340 silly audit   '@esbuild/freebsd-x64': [ '0.25.12' ],
340 silly audit   '@esbuild/linux-arm': [ '0.25.12' ],
340 silly audit   '@esbuild/linux-arm64': [ '0.25.12' ],
340 silly audit   '@esbuild/linux-ia32': [ '0.25.12' ],
340 silly audit   '@esbuild/linux-loong64': [ '0.25.12' ],
340 silly audit   '@esbuild/linux-mips64el': [ '0.25.12' ],
340 silly audit   '@esbuild/linux-ppc64': [ '0.25.12' ],
340 silly audit   '@esbuild/linux-riscv64': [ '0.25.12' ],
340 silly audit   '@esbuild/linux-s390x': [ '0.25.12' ],
340 silly audit   '@esbuild/linux-x64': [ '0.25.12' ],
340 silly audit   '@esbuild/netbsd-arm64': [ '0.25.12' ],
340 silly audit   '@esbuild/netbsd-x64': [ '0.25.12' ],
340 silly audit   '@esbuild/openbsd-arm64': [ '0.25.12' ],
340 silly audit   '@esbuild/openbsd-x64': [ '0.25.12' ],
340 silly audit   '@esbuild/openharmony-arm64': [ '0.25.12' ],
340 silly audit   '@esbuild/sunos-x64': [ '0.25.12' ],
340 silly audit   '@esbuild/win32-arm64': [ '0.25.12' ],
340 silly audit   '@esbuild/win32-ia32': [ '0.25.12' ],
340 silly audit   '@esbuild/win32-x64': [ '0.25.12' ],
340 silly audit   '@fontsource/inter': [ '5.2.8' ],
340 silly audit   '@fontsource/outfit': [ '5.2.8' ],
340 silly audit   '@fontsource/playfair-display': [ '5.2.8' ],
340 silly audit   '@jridgewell/gen-mapping': [ '0.3.13' ],
340 silly audit   '@jridgewell/remapping': [ '2.3.5' ],
340 silly audit   '@jridgewell/resolve-uri': [ '3.1.2' ],
340 silly audit   '@jridgewell/sourcemap-codec': [ '1.5.5' ],
340 silly audit   '@jridgewell/trace-mapping': [ '0.3.31' ],
340 silly audit   '@nodelib/fs.scandir': [ '2.1.5' ],
340 silly audit   '@nodelib/fs.stat': [ '2.0.5' ],
340 silly audit   '@nodelib/fs.walk': [ '1.2.8' ],
340 silly audit   '@remix-run/router': [ '1.23.2' ],
340 silly audit   '@rolldown/pluginutils': [ '1.0.0-beta.27' ],
340 silly audit   '@rollup/rollup-android-arm-eabi': [ '4.57.1' ],
340 silly audit   '@rollup/rollup-android-arm64': [ '4.57.1' ],
340 silly audit   '@rollup/rollup-darwin-arm64': [ '4.57.1' ],
340 silly audit   '@rollup/rollup-darwin-x64': [ '4.57.1' ],
340 silly audit   '@rollup/rollup-freebsd-arm64': [ '4.57.1' ],
340 silly audit   '@rollup/rollup-freebsd-x64': [ '4.57.1' ],
340 silly audit   '@rollup/rollup-linux-arm-gnueabihf': [ '4.57.1' ],
340 silly audit   '@rollup/rollup-linux-arm-musleabihf': [ '4.57.1' ],
340 silly audit   '@rollup/rollup-linux-arm64-gnu': [ '4.57.1' ],
340 silly audit   '@rollup/rollup-linux-arm64-musl': [ '4.57.1' ],
340 silly audit   '@rollup/rollup-linux-loong64-gnu': [ '4.57.1' ],
340 silly audit   '@rollup/rollup-linux-loong64-musl': [ '4.57.1' ],
340 silly audit   '@rollup/rollup-linux-ppc64-gnu': [ '4.57.1' ],
340 silly audit   '@rollup/rollup-linux-ppc64-musl': [ '4.57.1' ],
340 silly audit   '@rollup/rollup-linux-riscv64-gnu': [ '4.57.1' ],
340 silly audit   '@rollup/rollup-linux-riscv64-musl': [ '4.57.1' ],
340 silly audit   '@rollup/rollup-linux-s390x-gnu': [ '4.57.1' ],
340 silly audit   '@rollup/rollup-linux-x64-gnu': [ '4.57.1' ],
340 silly audit   '@rollup/rollup-linux-x64-musl': [ '4.57.1' ],
340 silly audit   '@rollup/rollup-openbsd-x64': [ '4.57.1' ],
340 silly audit   '@rollup/rollup-openharmony-arm64': [ '4.57.1' ],
340 silly audit   '@rollup/rollup-win32-arm64-msvc': [ '4.57.1' ],
340 silly audit   '@rollup/rollup-win32-ia32-msvc': [ '4.57.1' ],
340 silly audit   '@rollup/rollup-win32-x64-gnu': [ '4.57.1' ],
340 silly audit   '@rollup/rollup-win32-x64-msvc': [ '4.57.1' ],
340 silly audit   '@types/babel__core': [ '7.20.5' ],
340 silly audit   '@types/babel__generator': [ '7.27.0' ],
340 silly audit   '@types/babel__template': [ '7.4.4' ],
340 silly audit   '@types/babel__traverse': [ '7.28.0' ],
340 silly audit   '@types/estree': [ '1.0.8' ],
340 silly audit   '@vitejs/plugin-react': [ '4.7.0' ],
340 silly audit   'any-promise': [ '1.3.0' ],
340 silly audit   anymatch: [ '3.1.3' ],
340 silly audit   arg: [ '5.0.2' ],
340 silly audit   autoprefixer: [ '10.4.24' ],
340 silly audit   'baseline-browser-mapping': [ '2.9.19' ],
340 silly audit   'binary-extensions': [ '2.3.0' ],
340 silly audit   braces: [ '3.0.3' ],
340 silly audit   browserslist: [ '4.28.1' ],
340 silly audit   'camelcase-css': [ '2.0.1' ],
340 silly audit   'caniuse-lite': [ '1.0.30001770' ],
340 silly audit   chokidar: [ '3.6.0' ],
340 silly audit   'glob-parent': [ '5.1.2', '6.0.2' ],
340 silly audit   commander: [ '4.1.1' ],
340 silly audit   'convert-source-map': [ '2.0.0' ],
340 silly audit   cssesc: [ '3.0.0' ],
340 silly audit   debug: [ '4.4.3' ],
340 silly audit   didyoumean: [ '1.2.2' ],
340 silly audit   dlv: [ '1.1.3' ],
340 silly audit   'electron-to-chromium': [ '1.5.286' ],
340 silly audit   esbuild: [ '0.25.12' ],
340 silly audit   escalade: [ '3.2.0' ],
340 silly audit   'fast-glob': [ '3.3.3' ],
340 silly audit   fastq: [ '1.20.1' ],
340 silly audit   'fill-range': [ '7.1.1' ],
340 silly audit   'fraction.js': [ '5.3.4' ],
340 silly audit   'framer-motion': [ '11.18.2' ],
340 silly audit   fsevents: [ '2.3.3' ],
340 silly audit   'function-bind': [ '1.1.2' ],
340 silly audit   gensync: [ '1.0.0-beta.2' ],
340 silly audit   hasown: [ '2.0.2' ],
340 silly audit   'is-binary-path': [ '2.1.0' ],
340 silly audit   'is-core-module': [ '2.16.1' ],
340 silly audit   'is-extglob': [ '2.1.1' ],
340 silly audit   'is-glob': [ '4.0.3' ],
340 silly audit   'is-number': [ '7.0.0' ],
340 silly audit   jiti: [ '1.21.7' ],
340 silly audit   'js-tokens': [ '4.0.0' ],
340 silly audit   jsesc: [ '3.1.0' ],
340 silly audit   json5: [ '2.2.3' ],
340 silly audit   lilconfig: [ '3.1.3' ],
340 silly audit   'lines-and-columns': [ '1.2.4' ],
340 silly audit   'lru-cache': [ '5.1.1' ],
340 silly audit   'lucide-react': [ '0.460.0' ],
340 silly audit   merge2: [ '1.4.1' ],
340 silly audit   micromatch: [ '4.0.8' ],
340 silly audit   'motion-dom': [ '11.18.1' ],
340 silly audit   'motion-utils': [ '11.18.1' ],
340 silly audit   ms: [ '2.1.3' ],
340 silly audit   mz: [ '2.7.0' ],
340 silly audit   nanoid: [ '3.3.11' ],
340 silly audit   'node-releases': [ '2.0.27' ],
340 silly audit   'normalize-path': [ '3.0.0' ],
340 silly audit   'object-assign': [ '4.1.1' ],
340 silly audit   'object-hash': [ '3.0.0' ],
340 silly audit   'path-parse': [ '1.0.7' ],
340 silly audit   picocolors: [ '1.1.1' ],
340 silly audit   picomatch: [ '2.3.1', '4.0.3' ],
340 silly audit   pify: [ '2.3.0' ],
340 silly audit   pirates: [ '4.0.7' ],
340 silly audit   postcss: [ '8.5.6' ],
340 silly audit   'postcss-import': [ '15.1.0' ],
340 silly audit   'postcss-js': [ '4.1.0' ],
340 silly audit   'postcss-load-config': [ '6.0.1' ],
340 silly audit   'postcss-nested': [ '6.2.0' ],
340 silly audit   'postcss-selector-parser': [ '6.1.2' ],
340 silly audit   'postcss-value-parser': [ '4.2.0' ],
340 silly audit   'queue-microtask': [ '1.2.3' ],
340 silly audit   react: [ '19.2.4' ],
340 silly audit   'react-dom': [ '19.2.4' ],
340 silly audit   'react-error-boundary': [ '6.1.1' ],
340 silly audit   'react-refresh': [ '0.17.0' ],
340 silly audit   'react-router': [ '6.30.3' ],
340 silly audit   'react-router-dom': [ '6.30.3' ],
340 silly audit   'read-cache': [ '1.0.0' ],
340 silly audit   readdirp: [ '3.6.0' ],
340 silly audit   resolve: [ '1.22.11' ],
340 silly audit   reusify: [ '1.1.0' ],
340 silly audit   rollup: [ '4.57.1' ],
340 silly audit   'run-parallel': [ '1.2.0' ],
340 silly audit   scheduler: [ '0.27.0' ],
340 silly audit   semver: [ '6.3.1' ],
340 silly audit   'source-map-js': [ '1.2.1' ],
340 silly audit   sucrase: [ '3.35.1' ],
340 silly audit   'supports-preserve-symlinks-flag': [ '1.0.0' ],
340 silly audit   tailwindcss: [ '3.4.19' ],
340 silly audit   thenify: [ '3.3.1' ],
340 silly audit   'thenify-all': [ '1.6.0' ],
340 silly audit   tinyglobby: [ '0.2.15' ],
340 silly audit   fdir: [ '6.5.0' ],
340 silly audit   'to-regex-range': [ '5.0.1' ],
340 silly audit   'ts-interface-checker': [ '0.1.13' ],
340 silly audit   tslib: [ '2.8.1' ],
340 silly audit   'update-browserslist-db': [ '1.2.3' ],
340 silly audit   'util-deprecate': [ '1.0.2' ],
340 silly audit   vite: [ '6.4.1' ],
340 silly audit   yallist: [ '3.1.1' ],
340 silly audit   '@react-three/drei': [ '10.7.7' ],
340 silly audit   '@react-three/fiber': [ '9.5.0' ],
340 silly audit   three: [ '0.183.0', '0.170.0' ],
340 silly audit   '@babel/runtime': [ '7.28.6' ],
340 silly audit   '@mediapipe/tasks-vision': [ '0.10.17' ],
340 silly audit   '@monogrid/gainmap-js': [ '3.4.0' ],
340 silly audit   '@use-gesture/react': [ '10.3.1' ],
340 silly audit   'camera-controls': [ '3.1.2' ],
340 silly audit   'cross-env': [ '7.0.3' ],
340 silly audit   'detect-gpu': [ '5.0.70' ],
340 silly audit   'glsl-noise': [ '0.0.0' ],
340 silly audit   'hls.js': [ '1.6.15' ],
340 silly audit   maath: [ '0.10.8' ],
340 silly audit   meshline: [ '3.3.1' ],
340 silly audit   'stats-gl': [ '2.4.2' ],
340 silly audit   'stats.js': [ '0.17.0' ],
340 silly audit   'suspend-react': [ '0.1.3' ],
340 silly audit   'three-mesh-bvh': [ '0.8.3' ],
340 silly audit   'three-stdlib': [ '2.36.1' ],
340 silly audit   'troika-three-text': [ '0.52.4' ],
340 silly audit   'tunnel-rat': [ '0.1.2' ],
340 silly audit   'use-sync-external-store': [ '1.6.0' ],
340 silly audit   'utility-types': [ '3.11.0' ],
340 silly audit   zustand: [ '5.0.11', '4.5.7' ],
340 silly audit   'promise-worker-transferable': [ '1.0.4' ],
340 silly audit   '@types/webxr': [ '0.5.24' ],
340 silly audit   'base64-js': [ '1.5.1' ],
340 silly audit   buffer: [ '6.0.3' ],
340 silly audit   'its-fine': [ '2.0.0' ],
340 silly audit   'react-use-measure': [ '2.1.7' ],
340 silly audit   '@use-gesture/core': [ '10.3.1' ],
340 silly audit   ieee754: [ '1.2.1' ],
340 silly audit   'cross-spawn': [ '7.0.6' ],
340 silly audit   'path-key': [ '3.1.1' ],
340 silly audit   'shebang-command': [ '2.0.0' ],
340 silly audit   which: [ '2.0.2' ],
340 silly audit   'webgl-constants': [ '1.1.1' ],
340 silly audit   '@types/react-reconciler': [ '0.28.9' ],
340 silly audit   'is-promise': [ '2.2.2' ],
340 silly audit   lie: [ '3.3.0' ],
340 silly audit   immediate: [ '3.0.6' ],
340 silly audit   'shebang-regex': [ '3.0.0' ],
340 silly audit   '@types/three': [ '0.183.0' ],
340 silly audit   '@dimforge/rapier3d-compat': [ '0.12.0' ],
340 silly audit   '@tweenjs/tween.js': [ '23.1.3' ],
340 silly audit   '@types/stats.js': [ '0.17.4' ],
340 silly audit   '@webgpu/types': [ '0.1.69' ],
340 silly audit   fflate: [ '0.8.2', '0.6.10' ],
340 silly audit   meshoptimizer: [ '1.0.1' ],
340 silly audit   '@types/draco3d': [ '1.4.10' ],
340 silly audit   '@types/offscreencanvas': [ '2019.7.3' ],
340 silly audit   draco3d: [ '1.5.7' ],
340 silly audit   potpack: [ '1.0.2' ],
340 silly audit   'bidi-js': [ '1.0.3' ],
340 silly audit   'troika-three-utils': [ '0.52.4' ],
340 silly audit   'troika-worker-utils': [ '0.52.0' ],
340 silly audit   'webgl-sdf-generator': [ '1.1.1' ],
340 silly audit   'require-from-string': [ '2.0.2' ],
340 silly audit   isexe: [ '2.0.0' ]
340 silly audit }
341 http cache require-from-string@https://registry.npmjs.org/require-from-string/-/require-from-string-2.0.2.tgz 0ms (cache hit)
342 http cache webgl-sdf-generator@https://registry.npmjs.org/webgl-sdf-generator/-/webgl-sdf-generator-1.1.1.tgz 0ms (cache hit)
343 http cache isexe@https://registry.npmjs.org/isexe/-/isexe-2.0.0.tgz 0ms (cache hit)
344 http cache troika-worker-utils@https://registry.npmjs.org/troika-worker-utils/-/troika-worker-utils-0.52.0.tgz 0ms (cache hit)
345 http cache troika-three-utils@https://registry.npmjs.org/troika-three-utils/-/troika-three-utils-0.52.4.tgz 0ms (cache hit)
346 http cache bidi-js@https://registry.npmjs.org/bidi-js/-/bidi-js-1.0.3.tgz 0ms (cache hit)
347 http cache potpack@https://registry.npmjs.org/potpack/-/potpack-1.0.2.tgz 0ms (cache hit)
348 http cache draco3d@https://registry.npmjs.org/draco3d/-/draco3d-1.5.7.tgz 0ms (cache hit)
349 http cache @types/offscreencanvas@https://registry.npmjs.org/@types/offscreencanvas/-/offscreencanvas-2019.7.3.tgz 0ms (cache hit)
350 http cache @types/draco3d@https://registry.npmjs.org/@types/draco3d/-/draco3d-1.4.10.tgz 0ms (cache hit)
351 http cache fflate@https://registry.npmjs.org/fflate/-/fflate-0.8.2.tgz 0ms (cache hit)
352 http cache @webgpu/types@https://registry.npmjs.org/@webgpu/types/-/types-0.1.69.tgz 0ms (cache hit)
353 http cache @types/stats.js@https://registry.npmjs.org/@types/stats.js/-/stats.js-0.17.4.tgz 0ms (cache hit)
354 http cache @types/three@https://registry.npmjs.org/@types/three/-/three-0.183.0.tgz 0ms (cache hit)
355 http cache meshoptimizer@https://registry.npmjs.org/meshoptimizer/-/meshoptimizer-1.0.1.tgz 0ms (cache hit)
356 http cache @tweenjs/tween.js@https://registry.npmjs.org/@tweenjs/tween.js/-/tween.js-23.1.3.tgz 0ms (cache hit)
357 http cache shebang-regex@https://registry.npmjs.org/shebang-regex/-/shebang-regex-3.0.0.tgz 0ms (cache hit)
358 http cache immediate@https://registry.npmjs.org/immediate/-/immediate-3.0.6.tgz 0ms (cache hit)
359 http cache lie@https://registry.npmjs.org/lie/-/lie-3.3.0.tgz 0ms (cache hit)
360 http cache is-promise@https://registry.npmjs.org/is-promise/-/is-promise-2.2.2.tgz 0ms (cache hit)
361 http cache @types/react-reconciler@https://registry.npmjs.org/@types/react-reconciler/-/react-reconciler-0.28.9.tgz 0ms (cache hit)
362 http cache webgl-constants@https://registry.npmjs.org/webgl-constants/-/webgl-constants-1.1.1.tgz 0ms (cache hit)
363 http cache shebang-command@https://registry.npmjs.org/shebang-command/-/shebang-command-2.0.0.tgz 0ms (cache hit)
364 http cache path-key@https://registry.npmjs.org/path-key/-/path-key-3.1.1.tgz 0ms (cache hit)
365 http cache ieee754@https://registry.npmjs.org/ieee754/-/ieee754-1.2.1.tgz 0ms (cache hit)
366 http cache cross-spawn@https://registry.npmjs.org/cross-spawn/-/cross-spawn-7.0.6.tgz 0ms (cache hit)
367 http cache @dimforge/rapier3d-compat@https://registry.npmjs.org/@dimforge/rapier3d-compat/-/rapier3d-compat-0.12.0.tgz 0ms (cache hit)
368 http cache @use-gesture/core@https://registry.npmjs.org/@use-gesture/core/-/core-10.3.1.tgz 0ms (cache hit)
369 http cache react-use-measure@https://registry.npmjs.org/react-use-measure/-/react-use-measure-2.1.7.tgz 0ms (cache hit)
370 http cache which@https://registry.npmjs.org/which/-/which-2.0.2.tgz 0ms (cache hit)
371 http cache buffer@https://registry.npmjs.org/buffer/-/buffer-6.0.3.tgz 0ms (cache hit)
372 http cache promise-worker-transferable@https://registry.npmjs.org/promise-worker-transferable/-/promise-worker-transferable-1.0.4.tgz 0ms (cache hit)
373 http cache base64-js@https://registry.npmjs.org/base64-js/-/base64-js-1.5.1.tgz 0ms (cache hit)
374 http cache @types/webxr@https://registry.npmjs.org/@types/webxr/-/webxr-0.5.24.tgz 0ms (cache hit)
375 http cache zustand@https://registry.npmjs.org/zustand/-/zustand-5.0.11.tgz 0ms (cache hit)
376 http cache use-sync-external-store@https://registry.npmjs.org/use-sync-external-store/-/use-sync-external-store-1.6.0.tgz 0ms (cache hit)
377 http cache tunnel-rat@https://registry.npmjs.org/tunnel-rat/-/tunnel-rat-0.1.2.tgz 0ms (cache hit)
378 http cache troika-three-text@https://registry.npmjs.org/troika-three-text/-/troika-three-text-0.52.4.tgz 0ms (cache hit)
379 http cache its-fine@https://registry.npmjs.org/its-fine/-/its-fine-2.0.0.tgz 0ms (cache hit)
380 http cache three-stdlib@https://registry.npmjs.org/three-stdlib/-/three-stdlib-2.36.1.tgz 0ms (cache hit)
381 http cache suspend-react@https://registry.npmjs.org/suspend-react/-/suspend-react-0.1.3.tgz 0ms (cache hit)
382 http cache stats.js@https://registry.npmjs.org/stats.js/-/stats.js-0.17.0.tgz 0ms (cache hit)
383 http cache three-mesh-bvh@https://registry.npmjs.org/three-mesh-bvh/-/three-mesh-bvh-0.8.3.tgz 0ms (cache hit)
384 http cache utility-types@https://registry.npmjs.org/utility-types/-/utility-types-3.11.0.tgz 0ms (cache hit)
385 http cache meshline@https://registry.npmjs.org/meshline/-/meshline-3.3.1.tgz 0ms (cache hit)
386 http cache cross-env@https://registry.npmjs.org/cross-env/-/cross-env-7.0.3.tgz 0ms (cache hit)
387 http cache stats-gl@https://registry.npmjs.org/stats-gl/-/stats-gl-2.4.2.tgz 0ms (cache hit)
388 http cache detect-gpu@https://registry.npmjs.org/detect-gpu/-/detect-gpu-5.0.70.tgz 0ms (cache hit)
389 http cache maath@https://registry.npmjs.org/maath/-/maath-0.10.8.tgz 0ms (cache hit)
390 http cache glsl-noise@https://registry.npmjs.org/glsl-noise/-/glsl-noise-0.0.0.tgz 0ms (cache hit)
391 http cache camera-controls@https://registry.npmjs.org/camera-controls/-/camera-controls-3.1.2.tgz 0ms (cache hit)
392 http cache three@https://registry.npmjs.org/three/-/three-0.183.0.tgz 0ms (cache hit)
393 http cache @babel/runtime@https://registry.npmjs.org/@babel/runtime/-/runtime-7.28.6.tgz 0ms (cache hit)
394 http cache @mediapipe/tasks-vision@https://registry.npmjs.org/@mediapipe/tasks-vision/-/tasks-vision-0.10.17.tgz 0ms (cache hit)
395 http cache hls.js@https://registry.npmjs.org/hls.js/-/hls.js-1.6.15.tgz 0ms (cache hit)
396 http cache @use-gesture/react@https://registry.npmjs.org/@use-gesture/react/-/react-10.3.1.tgz 0ms (cache hit)
397 http cache @monogrid/gainmap-js@https://registry.npmjs.org/@monogrid/gainmap-js/-/gainmap-js-3.4.0.tgz 0ms (cache hit)
398 http cache @react-three/fiber@https://registry.npmjs.org/@react-three/fiber/-/fiber-9.5.0.tgz 0ms (cache hit)
399 http cache @react-three/drei@https://registry.npmjs.org/@react-three/drei/-/drei-10.7.7.tgz 0ms (cache hit)
400 silly tarball no local data for require-from-string@https://registry.npmjs.org/require-from-string/-/require-from-string-2.0.2.tgz. Extracting by manifest.
401 silly tarball no local data for webgl-sdf-generator@https://registry.npmjs.org/webgl-sdf-generator/-/webgl-sdf-generator-1.1.1.tgz. Extracting by manifest.
402 silly tarball no local data for isexe@https://registry.npmjs.org/isexe/-/isexe-2.0.0.tgz. Extracting by manifest.
403 silly tarball no local data for troika-worker-utils@https://registry.npmjs.org/troika-worker-utils/-/troika-worker-utils-0.52.0.tgz. Extracting by manifest.
404 silly tarball no local data for troika-three-utils@https://registry.npmjs.org/troika-three-utils/-/troika-three-utils-0.52.4.tgz. Extracting by manifest.
405 silly tarball no local data for bidi-js@https://registry.npmjs.org/bidi-js/-/bidi-js-1.0.3.tgz. Extracting by manifest.
406 silly tarball no local data for potpack@https://registry.npmjs.org/potpack/-/potpack-1.0.2.tgz. Extracting by manifest.
407 silly tarball no local data for draco3d@https://registry.npmjs.org/draco3d/-/draco3d-1.5.7.tgz. Extracting by manifest.
408 silly tarball no local data for @types/offscreencanvas@https://registry.npmjs.org/@types/offscreencanvas/-/offscreencanvas-2019.7.3.tgz. Extracting by manifest.
409 silly tarball no local data for @types/draco3d@https://registry.npmjs.org/@types/draco3d/-/draco3d-1.4.10.tgz. Extracting by manifest.
410 silly tarball no local data for fflate@https://registry.npmjs.org/fflate/-/fflate-0.8.2.tgz. Extracting by manifest.
411 silly tarball no local data for @webgpu/types@https://registry.npmjs.org/@webgpu/types/-/types-0.1.69.tgz. Extracting by manifest.
412 silly tarball no local data for @types/stats.js@https://registry.npmjs.org/@types/stats.js/-/stats.js-0.17.4.tgz. Extracting by manifest.
413 http cache three@https://registry.npmjs.org/three/-/three-0.170.0.tgz 0ms (cache hit)
414 silly tarball no local data for @types/three@https://registry.npmjs.org/@types/three/-/three-0.183.0.tgz. Extracting by manifest.
415 silly tarball no local data for meshoptimizer@https://registry.npmjs.org/meshoptimizer/-/meshoptimizer-1.0.1.tgz. Extracting by manifest.
416 silly tarball no local data for @tweenjs/tween.js@https://registry.npmjs.org/@tweenjs/tween.js/-/tween.js-23.1.3.tgz. Extracting by manifest.
417 silly tarball no local data for shebang-regex@https://registry.npmjs.org/shebang-regex/-/shebang-regex-3.0.0.tgz. Extracting by manifest.
418 silly tarball no local data for immediate@https://registry.npmjs.org/immediate/-/immediate-3.0.6.tgz. Extracting by manifest.
419 silly tarball no local data for lie@https://registry.npmjs.org/lie/-/lie-3.3.0.tgz. Extracting by manifest.
420 silly tarball no local data for is-promise@https://registry.npmjs.org/is-promise/-/is-promise-2.2.2.tgz. Extracting by manifest.
421 silly tarball no local data for @types/react-reconciler@https://registry.npmjs.org/@types/react-reconciler/-/react-reconciler-0.28.9.tgz. Extracting by manifest.
422 http cache zustand@https://registry.npmjs.org/zustand/-/zustand-4.5.7.tgz 0ms (cache hit)
423 silly tarball no local data for webgl-constants@https://registry.npmjs.org/webgl-constants/-/webgl-constants-1.1.1.tgz. Extracting by manifest.
424 silly tarball no local data for shebang-command@https://registry.npmjs.org/shebang-command/-/shebang-command-2.0.0.tgz. Extracting by manifest.
425 silly tarball no local data for path-key@https://registry.npmjs.org/path-key/-/path-key-3.1.1.tgz. Extracting by manifest.
426 http cache fflate@https://registry.npmjs.org/fflate/-/fflate-0.6.10.tgz 0ms (cache hit)
427 silly tarball no local data for ieee754@https://registry.npmjs.org/ieee754/-/ieee754-1.2.1.tgz. Extracting by manifest.
428 silly tarball no local data for cross-spawn@https://registry.npmjs.org/cross-spawn/-/cross-spawn-7.0.6.tgz. Extracting by manifest.
429 silly tarball no local data for @dimforge/rapier3d-compat@https://registry.npmjs.org/@dimforge/rapier3d-compat/-/rapier3d-compat-0.12.0.tgz. Extracting by manifest.
430 silly tarball no local data for @use-gesture/core@https://registry.npmjs.org/@use-gesture/core/-/core-10.3.1.tgz. Extracting by manifest.
431 silly tarball no local data for react-use-measure@https://registry.npmjs.org/react-use-measure/-/react-use-measure-2.1.7.tgz. Extracting by manifest.
432 silly tarball no local data for which@https://registry.npmjs.org/which/-/which-2.0.2.tgz. Extracting by manifest.
433 silly tarball no local data for buffer@https://registry.npmjs.org/buffer/-/buffer-6.0.3.tgz. Extracting by manifest.
434 silly tarball no local data for promise-worker-transferable@https://registry.npmjs.org/promise-worker-transferable/-/promise-worker-transferable-1.0.4.tgz. Extracting by manifest.
435 silly tarball no local data for base64-js@https://registry.npmjs.org/base64-js/-/base64-js-1.5.1.tgz. Extracting by manifest.
436 silly tarball no local data for @types/webxr@https://registry.npmjs.org/@types/webxr/-/webxr-0.5.24.tgz. Extracting by manifest.
437 silly tarball no local data for zustand@https://registry.npmjs.org/zustand/-/zustand-5.0.11.tgz. Extracting by manifest.
438 silly tarball no local data for use-sync-external-store@https://registry.npmjs.org/use-sync-external-store/-/use-sync-external-store-1.6.0.tgz. Extracting by manifest.
439 silly tarball no local data for tunnel-rat@https://registry.npmjs.org/tunnel-rat/-/tunnel-rat-0.1.2.tgz. Extracting by manifest.
440 silly tarball no local data for troika-three-text@https://registry.npmjs.org/troika-three-text/-/troika-three-text-0.52.4.tgz. Extracting by manifest.
441 silly tarball no local data for its-fine@https://registry.npmjs.org/its-fine/-/its-fine-2.0.0.tgz. Extracting by manifest.
442 silly tarball no local data for three-stdlib@https://registry.npmjs.org/three-stdlib/-/three-stdlib-2.36.1.tgz. Extracting by manifest.
443 silly tarball no local data for suspend-react@https://registry.npmjs.org/suspend-react/-/suspend-react-0.1.3.tgz. Extracting by manifest.
444 silly tarball no local data for stats.js@https://registry.npmjs.org/stats.js/-/stats.js-0.17.0.tgz. Extracting by manifest.
445 silly tarball no local data for three-mesh-bvh@https://registry.npmjs.org/three-mesh-bvh/-/three-mesh-bvh-0.8.3.tgz. Extracting by manifest.
446 silly tarball no local data for utility-types@https://registry.npmjs.org/utility-types/-/utility-types-3.11.0.tgz. Extracting by manifest.
447 silly tarball no local data for meshline@https://registry.npmjs.org/meshline/-/meshline-3.3.1.tgz. Extracting by manifest.
448 silly tarball no local data for cross-env@https://registry.npmjs.org/cross-env/-/cross-env-7.0.3.tgz. Extracting by manifest.
449 silly tarball no local data for stats-gl@https://registry.npmjs.org/stats-gl/-/stats-gl-2.4.2.tgz. Extracting by manifest.
450 silly tarball no local data for detect-gpu@https://registry.npmjs.org/detect-gpu/-/detect-gpu-5.0.70.tgz. Extracting by manifest.
451 silly tarball no local data for maath@https://registry.npmjs.org/maath/-/maath-0.10.8.tgz. Extracting by manifest.
452 silly tarball no local data for glsl-noise@https://registry.npmjs.org/glsl-noise/-/glsl-noise-0.0.0.tgz. Extracting by manifest.
453 silly tarball no local data for camera-controls@https://registry.npmjs.org/camera-controls/-/camera-controls-3.1.2.tgz. Extracting by manifest.
454 silly tarball no local data for three@https://registry.npmjs.org/three/-/three-0.183.0.tgz. Extracting by manifest.
455 silly tarball no local data for @babel/runtime@https://registry.npmjs.org/@babel/runtime/-/runtime-7.28.6.tgz. Extracting by manifest.
456 silly tarball no local data for @mediapipe/tasks-vision@https://registry.npmjs.org/@mediapipe/tasks-vision/-/tasks-vision-0.10.17.tgz. Extracting by manifest.
457 silly tarball no local data for hls.js@https://registry.npmjs.org/hls.js/-/hls.js-1.6.15.tgz. Extracting by manifest.
458 silly tarball no local data for @use-gesture/react@https://registry.npmjs.org/@use-gesture/react/-/react-10.3.1.tgz. Extracting by manifest.
459 silly tarball no local data for @monogrid/gainmap-js@https://registry.npmjs.org/@monogrid/gainmap-js/-/gainmap-js-3.4.0.tgz. Extracting by manifest.
460 silly tarball no local data for @react-three/fiber@https://registry.npmjs.org/@react-three/fiber/-/fiber-9.5.0.tgz. Extracting by manifest.
461 silly tarball no local data for @react-three/drei@https://registry.npmjs.org/@react-three/drei/-/drei-10.7.7.tgz. Extracting by manifest.
462 silly tarball no local data for three@https://registry.npmjs.org/three/-/three-0.170.0.tgz. Extracting by manifest.
463 silly tarball no local data for zustand@https://registry.npmjs.org/zustand/-/zustand-4.5.7.tgz. Extracting by manifest.
464 silly tarball no local data for fflate@https://registry.npmjs.org/fflate/-/fflate-0.6.10.tgz. Extracting by manifest.
465 http fetch GET 200 https://registry.npmjs.org/potpack/-/potpack-1.0.2.tgz 46ms (cache miss)
466 http fetch GET 200 https://registry.npmjs.org/isexe/-/isexe-2.0.0.tgz 47ms (cache miss)
467 http fetch GET 200 https://registry.npmjs.org/troika-three-utils/-/troika-three-utils-0.52.4.tgz 51ms (cache miss)
468 http fetch GET 200 https://registry.npmjs.org/bidi-js/-/bidi-js-1.0.3.tgz 52ms (cache miss)
469 http fetch GET 200 https://registry.npmjs.org/troika-worker-utils/-/troika-worker-utils-0.52.0.tgz 53ms (cache miss)
470 http fetch GET 200 https://registry.npmjs.org/draco3d/-/draco3d-1.5.7.tgz 53ms (cache miss)
471 http fetch GET 200 https://registry.npmjs.org/webgl-sdf-generator/-/webgl-sdf-generator-1.1.1.tgz 57ms (cache miss)
472 http fetch POST 200 https://registry.npmjs.org/-/npm/v1/security/advisories/bulk 78ms
473 silly audit report {}
474 http fetch GET 200 https://registry.npmjs.org/shebang-regex/-/shebang-regex-3.0.0.tgz 70ms (cache miss)
475 http fetch GET 200 https://registry.npmjs.org/meshoptimizer/-/meshoptimizer-1.0.1.tgz 72ms (cache miss)
476 http fetch GET 200 https://registry.npmjs.org/lie/-/lie-3.3.0.tgz 74ms (cache miss)
477 http fetch GET 200 https://registry.npmjs.org/is-promise/-/is-promise-2.2.2.tgz 78ms (cache miss)
478 http fetch GET 200 https://registry.npmjs.org/@types/offscreencanvas/-/offscreencanvas-2019.7.3.tgz 88ms (cache miss)
479 http fetch GET 200 https://registry.npmjs.org/immediate/-/immediate-3.0.6.tgz 87ms (cache miss)
480 http fetch GET 200 https://registry.npmjs.org/@tweenjs/tween.js/-/tween.js-23.1.3.tgz 87ms (cache miss)
481 http fetch GET 200 https://registry.npmjs.org/fflate/-/fflate-0.8.2.tgz 89ms (cache miss)
482 http fetch GET 200 https://registry.npmjs.org/shebang-command/-/shebang-command-2.0.0.tgz 94ms (cache miss)
483 http fetch GET 200 https://registry.npmjs.org/@types/stats.js/-/stats.js-0.17.4.tgz 95ms (cache miss)
484 http fetch GET 200 https://registry.npmjs.org/@types/draco3d/-/draco3d-1.4.10.tgz 99ms (cache miss)
485 http fetch GET 200 https://registry.npmjs.org/webgl-constants/-/webgl-constants-1.1.1.tgz 99ms (cache miss)
486 http fetch GET 200 https://registry.npmjs.org/ieee754/-/ieee754-1.2.1.tgz 100ms (cache miss)
487 http fetch GET 200 https://registry.npmjs.org/path-key/-/path-key-3.1.1.tgz 103ms (cache miss)
488 http fetch GET 200 https://registry.npmjs.org/@types/react-reconciler/-/react-reconciler-0.28.9.tgz 106ms (cache miss)
489 http fetch GET 200 https://registry.npmjs.org/react-use-measure/-/react-use-measure-2.1.7.tgz 114ms (cache miss)
490 http fetch GET 200 https://registry.npmjs.org/which/-/which-2.0.2.tgz 119ms (cache miss)
491 http fetch GET 200 https://registry.npmjs.org/base64-js/-/base64-js-1.5.1.tgz 123ms (cache miss)
492 http fetch GET 200 https://registry.npmjs.org/buffer/-/buffer-6.0.3.tgz 128ms (cache miss)
493 http fetch GET 200 https://registry.npmjs.org/require-from-string/-/require-from-string-2.0.2.tgz 132ms (cache miss)
494 http fetch GET 200 https://registry.npmjs.org/cross-spawn/-/cross-spawn-7.0.6.tgz 133ms (cache miss)
495 http fetch GET 200 https://registry.npmjs.org/use-sync-external-store/-/use-sync-external-store-1.6.0.tgz 133ms (cache miss)
496 http fetch GET 200 https://registry.npmjs.org/@webgpu/types/-/types-0.1.69.tgz 136ms (cache miss)
497 http fetch GET 200 https://registry.npmjs.org/@types/webxr/-/webxr-0.5.24.tgz 135ms (cache miss)
498 http fetch GET 200 https://registry.npmjs.org/promise-worker-transferable/-/promise-worker-transferable-1.0.4.tgz 144ms (cache miss)
499 http fetch GET 200 https://registry.npmjs.org/tunnel-rat/-/tunnel-rat-0.1.2.tgz 145ms (cache miss)
500 http fetch GET 200 https://registry.npmjs.org/stats.js/-/stats.js-0.17.0.tgz 165ms (cache miss)
501 http fetch GET 200 https://registry.npmjs.org/zustand/-/zustand-5.0.11.tgz 167ms (cache miss)
502 http fetch GET 200 https://registry.npmjs.org/suspend-react/-/suspend-react-0.1.3.tgz 169ms (cache miss)
503 http fetch GET 200 https://registry.npmjs.org/cross-env/-/cross-env-7.0.3.tgz 172ms (cache miss)
504 http fetch GET 200 https://registry.npmjs.org/its-fine/-/its-fine-2.0.0.tgz 172ms (cache miss)
505 http fetch GET 200 https://registry.npmjs.org/meshline/-/meshline-3.3.1.tgz 177ms (cache miss)
506 http fetch GET 200 https://registry.npmjs.org/utility-types/-/utility-types-3.11.0.tgz 182ms (cache miss)
507 http fetch GET 200 https://registry.npmjs.org/stats-gl/-/stats-gl-2.4.2.tgz 188ms (cache miss)
508 http fetch GET 200 https://registry.npmjs.org/troika-three-text/-/troika-three-text-0.52.4.tgz 191ms (cache miss)
509 http fetch GET 200 https://registry.npmjs.org/@use-gesture/core/-/core-10.3.1.tgz 203ms (cache miss)
510 http fetch GET 200 https://registry.npmjs.org/glsl-noise/-/glsl-noise-0.0.0.tgz 201ms (cache miss)
511 http fetch GET 200 https://registry.npmjs.org/camera-controls/-/camera-controls-3.1.2.tgz 226ms (cache miss)
512 http fetch GET 200 https://registry.npmjs.org/detect-gpu/-/detect-gpu-5.0.70.tgz 236ms (cache miss)
513 http fetch GET 200 https://registry.npmjs.org/fflate/-/fflate-0.6.10.tgz 233ms (cache miss)
514 http fetch GET 200 https://registry.npmjs.org/@dimforge/rapier3d-compat/-/rapier3d-compat-0.12.0.tgz 260ms (cache miss)
515 http fetch GET 200 https://registry.npmjs.org/@use-gesture/react/-/react-10.3.1.tgz 265ms (cache miss)
516 http fetch GET 200 https://registry.npmjs.org/maath/-/maath-0.10.8.tgz 288ms (cache miss)
517 http fetch GET 200 https://registry.npmjs.org/three-mesh-bvh/-/three-mesh-bvh-0.8.3.tgz 299ms (cache miss)
518 http fetch GET 200 https://registry.npmjs.org/@react-three/fiber/-/fiber-9.5.0.tgz 314ms (cache miss)
519 http fetch GET 200 https://registry.npmjs.org/@monogrid/gainmap-js/-/gainmap-js-3.4.0.tgz 322ms (cache miss)
520 http fetch GET 200 https://registry.npmjs.org/zustand/-/zustand-4.5.7.tgz 327ms (cache miss)
521 http fetch GET 200 https://registry.npmjs.org/@babel/runtime/-/runtime-7.28.6.tgz 384ms (cache miss)
522 http fetch GET 200 https://registry.npmjs.org/@mediapipe/tasks-vision/-/tasks-vision-0.10.17.tgz 447ms (cache miss)
523 http fetch GET 200 https://registry.npmjs.org/@react-three/drei/-/drei-10.7.7.tgz 460ms (cache miss)
524 http fetch GET 200 https://registry.npmjs.org/hls.js/-/hls.js-1.6.15.tgz 529ms (cache miss)
525 http fetch GET 200 https://registry.npmjs.org/@types/three/-/three-0.183.0.tgz 744ms (cache miss)
526 http fetch GET 200 https://registry.npmjs.org/three-stdlib/-/three-stdlib-2.36.1.tgz 791ms (cache miss)
527 http fetch GET 200 https://registry.npmjs.org/three/-/three-0.170.0.tgz 887ms (cache miss)
528 http fetch GET 200 https://registry.npmjs.org/three/-/three-0.183.0.tgz 1211ms (cache miss)
529 silly ADD node_modules/isexe
530 silly ADD node_modules/require-from-string
531 silly ADD node_modules/webgl-sdf-generator
532 silly ADD node_modules/troika-worker-utils
533 silly ADD node_modules/troika-three-utils
534 silly ADD node_modules/bidi-js
535 silly ADD node_modules/potpack
536 silly ADD node_modules/draco3d
537 silly ADD node_modules/@types/offscreencanvas
538 silly ADD node_modules/@types/draco3d
539 silly ADD node_modules/meshoptimizer
540 silly ADD node_modules/fflate
541 silly ADD node_modules/@webgpu/types
542 silly ADD node_modules/@types/stats.js
543 silly ADD node_modules/@tweenjs/tween.js
544 silly ADD node_modules/@dimforge/rapier3d-compat
545 silly ADD node_modules/@types/three
546 silly ADD node_modules/shebang-regex
547 silly ADD node_modules/immediate
548 silly ADD node_modules/lie
549 silly ADD node_modules/is-promise
550 silly ADD node_modules/@types/react-reconciler
551 silly ADD node_modules/webgl-constants
552 silly ADD node_modules/which
553 silly ADD node_modules/shebang-command
554 silly ADD node_modules/path-key
555 silly ADD node_modules/cross-spawn
556 silly ADD node_modules/ieee754
557 silly ADD node_modules/@use-gesture/core
558 silly ADD node_modules/react-use-measure
559 silly ADD node_modules/its-fine
560 silly ADD node_modules/buffer
561 silly ADD node_modules/base64-js
562 silly ADD node_modules/@types/webxr
563 silly ADD node_modules/promise-worker-transferable
564 silly ADD node_modules/zustand
565 silly ADD node_modules/utility-types
566 silly ADD node_modules/use-sync-external-store
567 silly ADD node_modules/tunnel-rat
568 silly ADD node_modules/tunnel-rat/node_modules/zustand
569 silly ADD node_modules/troika-three-text
570 silly ADD node_modules/three-stdlib
571 silly ADD node_modules/three-stdlib/node_modules/fflate
572 silly ADD node_modules/three-mesh-bvh
573 silly ADD node_modules/suspend-react
574 silly ADD node_modules/stats.js
575 silly ADD node_modules/stats-gl
576 silly ADD node_modules/stats-gl/node_modules/three
577 silly ADD node_modules/meshline
578 silly ADD node_modules/maath
579 silly ADD node_modules/hls.js
580 silly ADD node_modules/glsl-noise
581 silly ADD node_modules/detect-gpu
582 silly ADD node_modules/cross-env
583 silly ADD node_modules/camera-controls
584 silly ADD node_modules/@use-gesture/react
585 silly ADD node_modules/@monogrid/gainmap-js
586 silly ADD node_modules/@mediapipe/tasks-vision
587 silly ADD node_modules/@babel/runtime
588 silly ADD node_modules/three
589 silly ADD node_modules/@react-three/fiber
590 silly ADD node_modules/@react-three/drei
591 verbose cwd /Users/caden/coding/Erwin
592 verbose os Darwin 25.3.0
593 verbose node v24.13.1
594 verbose npm  v11.8.0
595 notice
595 notice New [33mminor[39m version of npm available! [33m11.8.0[39m -> [34m11.10.0[39m
595 notice Changelog: [34mhttps://github.com/npm/cli/releases/tag/v11.10.0[39m
595 notice To update run: [4mnpm install -g npm@11.10.0[24m
595 notice  { force: true, Symbol(proc-log.meta): true }
596 verbose exit 0
597 info ok
